0 info it worked if it ends with ok
1 verbose cli [ 'C:\\Program Files\\nodejs\\\\node.exe',
1 verbose cli   'C:\\Program Files\\nodejs\\node_modules\\npm\\bin\\npm-cli.js',
1 verbose cli   'install',
1 verbose cli   '--save',
1 verbose cli   'node-ar-drone' ]
2 info using npm@1.4.28
3 info using node@v0.10.32
4 verbose node symlink C:\Program Files\nodejs\\node.exe
5 verbose readDependencies using package.json deps
6 verbose cache add [ 'node-ar-drone', null ]
7 verbose cache add name=undefined spec="node-ar-drone" args=["node-ar-drone",null]
8 verbose parsed url { protocol: null,
8 verbose parsed url   slashes: null,
8 verbose parsed url   auth: null,
8 verbose parsed url   host: null,
8 verbose parsed url   port: null,
8 verbose parsed url   hostname: null,
8 verbose parsed url   hash: null,
8 verbose parsed url   search: null,
8 verbose parsed url   query: null,
8 verbose parsed url   pathname: 'node-ar-drone',
8 verbose parsed url   path: 'node-ar-drone',
8 verbose parsed url   href: 'node-ar-drone' }
9 silly lockFile 8e43b9c3-node-ar-drone node-ar-drone
10 verbose lock node-ar-drone C:\Users\Rushi Shah\AppData\Roaming\npm-cache\8e43b9c3-node-ar-drone.lock
11 silly lockFile 8e43b9c3-node-ar-drone node-ar-drone
12 silly lockFile 8e43b9c3-node-ar-drone node-ar-drone
13 verbose addNamed [ 'node-ar-drone', '' ]
14 verbose addNamed [ null, '*' ]
15 silly lockFile d1240d5e-node-ar-drone node-ar-drone@
16 verbose lock node-ar-drone@ C:\Users\Rushi Shah\AppData\Roaming\npm-cache\d1240d5e-node-ar-drone.lock
17 silly addNameRange { name: 'node-ar-drone', range: '*', hasData: false }
18 verbose request where is /node-ar-drone
19 verbose request registry https://registry.npmjs.org/
20 verbose request id 0f8fce137f000d58
21 verbose url raw /node-ar-drone
22 verbose url resolving [ 'https://registry.npmjs.org/', './node-ar-drone' ]
23 verbose url resolved https://registry.npmjs.org/node-ar-drone
24 verbose request where is https://registry.npmjs.org/node-ar-drone
25 info trying registry request attempt 1 at 09:18:00
26 http GET https://registry.npmjs.org/node-ar-drone
27 http 404 https://registry.npmjs.org/node-ar-drone
28 verbose headers { date: 'Sun, 29 Mar 2015 13:18:00 GMT',
28 verbose headers   server: 'CouchDB/1.5.0 (Erlang OTP/R16B03)',
28 verbose headers   'content-type': 'application/json',
28 verbose headers   'cache-control': 'max-age=0',
28 verbose headers   'content-length': '51',
28 verbose headers   'accept-ranges': 'bytes',
28 verbose headers   via: '1.1 varnish',
28 verbose headers   age: '0',
28 verbose headers   'x-served-by': 'cache-jfk1022-JFK',
28 verbose headers   'x-cache': 'MISS',
28 verbose headers   'x-cache-hits': '0',
28 verbose headers   'x-timer': 'S1427635080.885835,VS0,VE22',
28 verbose headers   'keep-alive': 'timeout=10, max=50',
28 verbose headers   connection: 'Keep-Alive' }
29 silly registry.get cb [ 404,
29 silly registry.get   { date: 'Sun, 29 Mar 2015 13:18:00 GMT',
29 silly registry.get     server: 'CouchDB/1.5.0 (Erlang OTP/R16B03)',
29 silly registry.get     'content-type': 'application/json',
29 silly registry.get     'cache-control': 'max-age=0',
29 silly registry.get     'content-length': '51',
29 silly registry.get     'accept-ranges': 'bytes',
29 silly registry.get     via: '1.1 varnish',
29 silly registry.get     age: '0',
29 silly registry.get     'x-served-by': 'cache-jfk1022-JFK',
29 silly registry.get     'x-cache': 'MISS',
29 silly registry.get     'x-cache-hits': '0',
29 silly registry.get     'x-timer': 'S1427635080.885835,VS0,VE22',
29 silly registry.get     'keep-alive': 'timeout=10, max=50',
29 silly registry.get     connection: 'Keep-Alive' } ]
30 silly lockFile d1240d5e-node-ar-drone node-ar-drone@
31 silly lockFile d1240d5e-node-ar-drone node-ar-drone@
32 error 404 404 Not Found: node-ar-drone
32 error 404
32 error 404 'node-ar-drone' is not in the npm registry.
32 error 404 You should bug the author to publish it
32 error 404 It was specified as a dependency of 'FlyBy'
32 error 404
32 error 404 Maybe try 'npm search ar drone'
32 error 404
32 error 404 Note that you can also install from a
32 error 404 tarball, folder, or http url, or git url.
33 error System Windows_NT 6.2.9200
34 error command "C:\\Program Files\\nodejs\\\\node.exe" "C:\\Program Files\\nodejs\\node_modules\\npm\\bin\\npm-cli.js" "install" "--save" "node-ar-drone"
35 error cwd C:\Users\Rushi Shah\mjkaufer-github\FlyBy
36 error node -v v0.10.32
37 error npm -v 1.4.28
38 error code E404
39 verbose exit [ 1, true ]
